<?xml version="1.0" encoding="UTF-8"?>
<testsuite name="com.example.demo_app.DemoAppApplicationTests" tests="1" skipped="0" failures="0" errors="0" timestamp="2024-07-08T08:35:48" hostname="WGC1005S1J414" time="0.832">
  <properties/>
  <testcase name="contextLoads()" classname="com.example.demo_app.DemoAppApplicationTests" time="0.832"/>
  <system-out><![CDATA[14:05:47.003 [Test worker] INFO org.springframework.test.context.support.AnnotationConfigContextLoaderUtils -- Could not detect default configuration classes for test class [com.example.demo_app.DemoAppApplicationTests]: DemoAppApplicationTests does not declare any static, non-private, non-final, nested classes annotated with @Configuration.
14:05:47.092 [Test worker] INFO org.springframework.boot.test.context.SpringBootTestContextBootstrapper -- Found @SpringBootConfiguration com.example.demo_app.DemoAppApplication for test class com.example.demo_app.DemoAppApplicationTests

  .   ____          _            __ _ _
 /\\ / ___'_ __ _ _(_)_ __  __ _ \ \ \ \
( ( )\___ | '_ | '_| | '_ \/ _` | \ \ \ \
 \\/  ___)| |_)| | | | | || (_| |  ) ) ) )
  '  |____| .__|_| |_|_| |_\__, | / / / /
 =========|_|==============|___/=/_/_/_/

 :: Spring Boot ::                (v3.3.1)

2024-07-08T14:05:47.418+05:30  INFO 30596 --- [demo-app] [    Test worker] c.e.demo_app.DemoAppApplicationTests     : Starting DemoAppApplicationTests using Java 17.0.11 with PID 30596 (started by MA46 in C:\Users\MA46\Downloads\demo-app\google-cloud-builds)
2024-07-08T14:05:47.420+05:30  INFO 30596 --- [demo-app] [    Test worker] c.e.demo_app.DemoAppApplicationTests     : No active profile set, falling back to 1 default profile: "default"
2024-07-08T14:05:48.437+05:30  INFO 30596 --- [demo-app] [    Test worker] c.e.demo_app.DemoAppApplicationTests     : Started DemoAppApplicationTests in 1.206 seconds (process running for 2.234)
]]></system-out>
  <system-err><![CDATA[]]></system-err>
</testsuite>
